<?xml version="1.0" encoding="UTF-8"?>
<!-- Generated by org.testng.reporters.JUnitReportReporter -->
<testsuite skipped="0" hostname="LAPTOP-OAOM2727" name="com.dd.pagetests.HomePageTest" tests="1" failures="0" timestamp="22 Jul 2018 09:24:43 GMT" time="0.017" errors="0">
  <testcase name="homepageTest" time="0.017" classname="com.dd.pagetests.HomePageTest"/>
</testsuite> <!-- com.dd.pagetests.HomePageTest -->
