<?xml version="1.0" encoding="UTF-8"?>
<!-- Generated by org.testng.reporters.JUnitReportReporter -->
<testsuite name="com.dd.pagetests.HomePageTest" tests="1" time="0.012" ignored="0" failures="0" timestamp="22 Jul 2018 10:03:17 GMT" skipped="0" hostname="LAPTOP-OAOM2727" errors="0">
  <testcase name="homepageTest" time="0.012" classname="com.dd.pagetests.HomePageTest"/>
</testsuite> <!-- com.dd.pagetests.HomePageTest -->
